<?xml version="1.0" encoding="UTF-8"?>
<!-- Generated by org.testng.reporters.JUnitReportReporter -->
<testsuite hostname="VITLAP180" failures="0" tests="1" name="swag_Test_Cases.SwagLogin_TC" time="4.601" errors="0" timestamp="2023-11-28T10:38:40 IST" skipped="0">
  <testcase classname="swag_Test_Cases.SwagLogin_TC" name="LoginSwag" time="4.601"/>
</testsuite> <!-- swag_Test_Cases.SwagLogin_TC -->
