<?xml version="1.0" encoding="UTF-8"?>
<!-- Generated by org.testng.reporters.JUnitReportReporter -->
<testsuite hostname="VITLAP180" failures="0" tests="6" name="swag_Test_Cases.OrderCreationTC" time="0.011" errors="0" timestamp="2023-11-29T15:54:20 IST" skipped="0">
  <testcase classname="swag_Test_Cases.OrderCreationTC" name="samsung1" time="0.001"/>
  <testcase classname="swag_Test_Cases.OrderCreationTC" name="onePlus1" time="0.001"/>
  <testcase classname="swag_Test_Cases.OrderCreationTC" name="onePlus2" time="0.001"/>
  <testcase classname="swag_Test_Cases.OrderCreationTC" name="apple1" time="0.006"/>
  <testcase classname="swag_Test_Cases.OrderCreationTC" name="apple2" time="0.001"/>
  <testcase classname="swag_Test_Cases.OrderCreationTC" name="samsung2" time="0.001"/>
</testsuite> <!-- swag_Test_Cases.OrderCreationTC -->
